GROUP,PACKAGE,CLASS,INSTRUCTION_MISSED,INSTRUCTION_COVERED,BRANCH_MISSED,BRANCH_COVERED,LINE_MISSED,LINE_COVERED,COMPLEXITY_MISSED,COMPLEXITY_COVERED,METHOD_MISSED,METHOD_COVERED
parking-system,com.parkit.parkingsystem.service,ParkingService,17,234,4,7,5,64,4,9,0,7
parking-system,com.parkit.parkingsystem.service,InteractiveShell,72,0,6,0,28,0,8,0,4,0
parking-system,com.parkit.parkingsystem.service,FareCalculatorService,0,89,0,9,0,18,0,8,0,3
parking-system,com.parkit.parkingsystem.model,ParkingSpot,13,49,2,6,5,14,5,8,3,6
parking-system,com.parkit.parkingsystem.model,Ticket,0,45,0,0,0,19,0,13,0,13
parking-system,com.parkit.parkingsystem.util,InputReaderUtil,43,9,4,0,14,2,5,1,3,1
parking-system,com.parkit.parkingsystem.dao,ParkingSpotDAO,14,93,1,3,5,24,1,5,0,4
parking-system,com.parkit.parkingsystem.dao,TicketDAO,10,245,1,5,4,61,1,8,0,6
parking-system,com.parkit.parkingsystem.config,DataBaseConfig,15,45,3,3,6,20,3,6,0,6
