<?xml version="1.0" encoding="UTF-8"?>
<testsuite xmlns:xsi="http://www.w3.org/2001/XMLSchema-instance" xsi:noNamespaceSchemaLocation="https://maven.apache.org/surefire/maven-surefire-plugin/xsd/surefire-test-report.xsd" name="com.parkit.parkingsystem.dao.ParkingSpotDAOTest" time="15.84" tests="8" errors="0" skipped="0" failures="0">
  <properties>
[...]
</properties>
  <testcase name="ParkingSpotEqualsFalseTest" classname="com.parkit.parkingsystem.dao.ParkingSpotDAOTest" time="5.341"/>
  <testcase name="getNextAvailableSlotNullParkingTypeTest" classname="com.parkit.parkingsystem.dao.ParkingSpotDAOTest" time="1.649"/>
  <testcase name="updateParkingWithNegativeParkingSlotTest" classname="com.parkit.parkingsystem.dao.ParkingSpotDAOTest" time="1.49"/>
  <testcase name="getNextAvailableSlotBikeTest" classname="com.parkit.parkingsystem.dao.ParkingSpotDAOTest" time="1.811"/>
  <testcase name="getNextAvailableSlotCarTest" classname="com.parkit.parkingsystem.dao.ParkingSpotDAOTest" time="1.469"/>
  <testcase name="ParkingSpotEqualsTrueTest" classname="com.parkit.parkingsystem.dao.ParkingSpotDAOTest" time="0.799"/>
  <testcase name="updateParkingTest" classname="com.parkit.parkingsystem.dao.ParkingSpotDAOTest" time="1.076"/>
  <testcase name="updateParkingWithNoParkingTypeTest" classname="com.parkit.parkingsystem.dao.ParkingSpotDAOTest" time="1.257"/>
</testsuite>